#
# A fatal error has been detected by the Java Runtime Environment:
#
#  EXCEPTION_ACCESS_VIOLATION (0xc0000005) at pc=0x59a0e90a, pid=356, tid=0x00004698
#
# JRE version: Java(TM) SE Runtime Environment (8.0_121-b13) (build 1.8.0_121-b13)
# Java VM: Java HotSpot(TM) Client VM (25.121-b13 mixed mode windows-x86 )
# Problematic frame:
# C  [ig75icd32.dll+0xe90a]
#
# Failed to write core dump. Minidumps are not enabled by default on client versions of Windows
#
# If you would like to submit a bug report, please visit:
#   http://bugreport.java.com/bugreport/crash.jsp
# The crash happened outside the Java Virtual Machine in native code.
# See problematic frame for where to report the bug.
#

---------------  T H R E A D  ---------------

Current thread (0x02a1d400):  JavaThread "Client thread" [_thread_in_native, id=18072, stack(0x02940000,0x02990000)]

siginfo: ExceptionCode=0xc0000005, writing address 0x00000000

Registers:
EAX=0x00000000, EBX=0x010cbcc0, ECX=0x00000010, EDX=0x010e21c0
ESP=0x0298ebf4, EBP=0x0298ebf4, ESI=0x010e15ac, EDI=0x00000016
EIP=0x59a0e90a, EFLAGS=0x00010293

Top of Stack: (sp=0x0298ebf4)
0x0298ebf4:   0298ec10 59ab09a8 00000010 010cbcc0
0x0298ec04:   010cbcc0 00000000 00000000 0298ec2c
0x0298ec14:   59ab16b4 010cbcc0 59d59da1 7ccdf814
0x0298ec24:   0298ec50 00000000 0298ec50 59fbf6ba
0x0298ec34:   010cbcc0 7ccdf048 59e01489 00000051
0x0298ec44:   00000038 010cbcc0 000cbcc0 0298ec6c
0x0298ec54:   59e0172e 02a1d400 59e015d0 4a488240
0x0298ec64:   7d2ec008 7d2ec14c 0298ec88 68323ec0 

Instructions: (pc=0x59a0e90a)
0x59a0e8ea:   42 dc 89 41 dc 8b 42 e0 89 41 e0 8b 42 e4 89 41
0x59a0e8fa:   e4 8b 42 e8 89 41 e8 8b 42 ec 89 41 ec 8b 42 f0
0x59a0e90a:   89 41 f0 8b 42 f4 89 41 f4 8b 42 f8 89 41 f8 8b
0x59a0e91a:   42 fc 89 41 fc 8b 45 08 a8 01 74 0a 8a 02 88 01 


Register to memory mapping:

EAX=0x00000000 is an unknown value
EBX=0x010cbcc0 is an unknown value
ECX=0x00000010 is an unknown value
EDX=0x010e21c0 is an unknown value
ESP=0x0298ebf4 is pointing into the stack for thread: 0x02a1d400
EBP=0x0298ebf4 is pointing into the stack for thread: 0x02a1d400
ESI=0x010e15ac is an unknown value
EDI=0x00000016 is an unknown value


Stack: [0x02940000,0x02990000],  sp=0x0298ebf4,  free space=314k
Native frames: (J=compiled Java code, j=interpreted, Vv=VM code, C=native code)
C  [ig75icd32.dll+0xe90a]
C  [ig75icd32.dll+0xb09a8]
C  [ig75icd32.dll+0xb16b4]
C  [ig75icd32.dll+0x5bf6ba]
C  [ig75icd32.dll+0x40172e]
C  [OPENGL32.dll+0x23ec0]
C  [lwjgl.dll+0x8643]
j  org.lwjgl.opengl.GL11.glCallLists(Ljava/nio/IntBuffer;)V+29
j  net.minecraft.client.renderer.RenderList.callLists()V+80
j  net.minecraft.client.renderer.RenderGlobal.renderAllRenderLists(ID)V+31
J 3384 C1 net.minecraft.client.renderer.RenderGlobal.renderSortedRenderers(IIID)I (589 bytes) @ 0x0330825c [0x03307c40+0x61c]
J 3734 C1 net.minecraft.client.renderer.RenderGlobal.sortAndRender(Lnet/minecraft/entity/EntityLivingBase;ID)I (1189 bytes) @ 0x033e9efc [0x033e84f0+0x1a0c]
j  net.minecraft.client.renderer.EntityRenderer.renderWorld(FJ)V+639
J 2481 C1 net.minecraft.client.renderer.EntityRenderer.updateCameraAndRender(F)V (874 bytes) @ 0x0317adec [0x0317a690+0x75c]
J 2405 C1 net.minecraft.client.Minecraft.runGameLoop()V (769 bytes) @ 0x0314ad34 [0x0314a530+0x804]
j  net.minecraft.client.Minecraft.run()V+61
j  net.minecraft.client.main.Main.main([Ljava/lang/String;)V+998
v  ~StubRoutines::call_stub
V  [jvm.dll+0x15aa85]
V  [jvm.dll+0x220d7e]
V  [jvm.dll+0x15ab1e]
V  [jvm.dll+0x1672c8]
V  [jvm.dll+0x167533]
V  [jvm.dll+0x103f33]
C  [java.dll+0x3b26]
j  sun.reflect.NativeMethodAccessorImpl.invoke(Ljava/lang/Object;[Ljava/lang/Object;)Ljava/lang/Object;+100
j  sun.reflect.DelegatingMethodAccessorImpl.invoke(Ljava/lang/Object;[Ljava/lang/Object;)Ljava/lang/Object;+6
j  java.lang.reflect.Method.invoke(Ljava/lang/Object;[Ljava/lang/Object;)Ljava/lang/Object;+56
j  net.minecraft.launchwrapper.Launch.launch([Ljava/lang/String;)V+661
j  net.minecraft.launchwrapper.Launch.main([Ljava/lang/String;)V+8
j  net.minecraftforge.gradle.GradleStartCommon.launch([Ljava/lang/String;)V+181
j  GradleStart.main([Ljava/lang/String;)V+11
v  ~StubRoutines::call_stub
V  [jvm.dll+0x15aa85]
V  [jvm.dll+0x220d7e]
V  [jvm.dll+0x15ab1e]
V  [jvm.dll+0xdca47]
V  [jvm.dll+0xe4fdf]
C  [java.exe+0x229e]
C  [java.exe+0xae9f]
C  [java.exe+0xaf29]
C  [KERNEL32.DLL+0x18494]
C  [ntdll.dll+0x641c8]
C  [ntdll.dll+0x64198]
C  0x00000000

Java frames: (J=compiled Java code, j=interpreted, Vv=VM code)
j  org.lwjgl.opengl.GL11.nglCallLists(IIJJ)V+0
j  org.lwjgl.opengl.GL11.glCallLists(Ljava/nio/IntBuffer;)V+29
j  net.minecraft.client.renderer.RenderList.callLists()V+80
j  net.minecraft.client.renderer.RenderGlobal.renderAllRenderLists(ID)V+31
J 3384 C1 net.minecraft.client.renderer.RenderGlobal.renderSortedRenderers(IIID)I (589 bytes) @ 0x0330825c [0x03307c40+0x61c]
J 3734 C1 net.minecraft.client.renderer.RenderGlobal.sortAndRender(Lnet/minecraft/entity/EntityLivingBase;ID)I (1189 bytes) @ 0x033e9efc [0x033e84f0+0x1a0c]
j  net.minecraft.client.renderer.EntityRenderer.renderWorld(FJ)V+639
J 2481 C1 net.minecraft.client.renderer.EntityRenderer.updateCameraAndRender(F)V (874 bytes) @ 0x0317adec [0x0317a690+0x75c]
J 2405 C1 net.minecraft.client.Minecraft.runGameLoop()V (769 bytes) @ 0x0314ad34 [0x0314a530+0x804]
j  net.minecraft.client.Minecraft.run()V+61
j  net.minecraft.client.main.Main.main([Ljava/lang/String;)V+998
v  ~StubRoutines::call_stub
j  sun.reflect.NativeMethodAccessorImpl.invoke0(Ljava/lang/reflect/Method;Ljava/lang/Object;[Ljava/lang/Object;)Ljava/lang/Object;+0
j  sun.reflect.NativeMethodAccessorImpl.invoke(Ljava/lang/Object;[Ljava/lang/Object;)Ljava/lang/Object;+100
j  sun.reflect.DelegatingMethodAccessorImpl.invoke(Ljava/lang/Object;[Ljava/lang/Object;)Ljava/lang/Object;+6
j  java.lang.reflect.Method.invoke(Ljava/lang/Object;[Ljava/lang/Object;)Ljava/lang/Object;+56
j  net.minecraft.launchwrapper.Launch.launch([Ljava/lang/String;)V+661
j  net.minecraft.launchwrapper.Launch.main([Ljava/lang/String;)V+8
j  net.minecraftforge.gradle.GradleStartCommon.launch([Ljava/lang/String;)V+181
j  GradleStart.main([Ljava/lang/String;)V+11
v  ~StubRoutines::call_stub

---------------  P R O C E S S  ---------------

Java Threads: ( => current thread )
  0x53412400 JavaThread "Keep-Alive-Timer" daemon [_thread_blocked, id=14576, stack(0x656b0000,0x65700000)]
  0x53415c00 JavaThread "pool-2-thread-1" [_thread_blocked, id=10936, stack(0x612e0000,0x61330000)]
  0x53413000 JavaThread "Netty IO #1" daemon [_thread_in_native, id=1688, stack(0x5ac80000,0x5acd0000)]
  0x53415400 JavaThread "Netty Client IO #0" daemon [_thread_in_native, id=10196, stack(0x58ee0000,0x58f30000)]
  0x53412800 JavaThread "Netty IO #0" daemon [_thread_in_native, id=8340, stack(0x028f0000,0x02940000)]
  0x53415000 JavaThread "Server thread" [_thread_blocked, id=1392, stack(0x01200000,0x01250000)]
  0x53414400 JavaThread "Snooper Timer" daemon [_thread_in_native, id=18948, stack(0x01130000,0x01180000)]
  0x53414800 JavaThread "Thread-11" [_thread_blocked, id=8952, stack(0x59040000,0x59090000)]
  0x53413c00 JavaThread "Thread-10" [_thread_blocked, id=16984, stack(0x58fb0000,0x59000000)]
  0x47e8b000 JavaThread "LWJGL Timer" daemon [_thread_blocked, id=9492, stack(0x51ee0000,0x51f30000)]
  0x47fbb800 JavaThread "Java2D Disposer" daemon [_thread_blocked, id=14552, stack(0x49100000,0x49150000)]
  0x484a0c00 JavaThread "Timer hack thread" daemon [_thread_blocked, id=19452, stack(0x49070000,0x490c0000)]
  0x48430800 JavaThread "Snooper Timer" daemon [_thread_blocked, id=15828, stack(0x48ee0000,0x48f30000)]
  0x4757b800 JavaThread "Service Thread" daemon [_thread_blocked, id=6312, stack(0x47c00000,0x47c50000)]
  0x47547000 JavaThread "C1 CompilerThread0" daemon [_thread_blocked, id=13908, stack(0x47b70000,0x47bc0000)]
  0x47546c00 JavaThread "Monitor Ctrl-Break" daemon [_thread_in_native, id=9504, stack(0x47ae0000,0x47b30000)]
  0x47257000 JavaThread "Attach Listener" daemon [_thread_blocked, id=12108, stack(0x47a10000,0x47a60000)]
  0x47254400 JavaThread "Signal Dispatcher" daemon [_thread_blocked, id=11644, stack(0x47980000,0x479d0000)]
  0x47253800 JavaThread "Surrogate Locker Thread (Concurrent GC)" daemon [_thread_blocked, id=6460, stack(0x478f0000,0x47940000)]
  0x4723ac00 JavaThread "Finalizer" daemon [_thread_blocked, id=8904, stack(0x47770000,0x477c0000)]
  0x47236400 JavaThread "Reference Handler" daemon [_thread_blocked, id=17356, stack(0x476e0000,0x47730000)]
=>0x02a1d400 JavaThread "Client thread" [_thread_in_native, id=18072, stack(0x02940000,0x02990000)]

Other Threads:
  0x47220000 VMThread [stack: 0x47650000,0x476a0000] [id=13752]
  0x475c4800 WatcherThread [stack: 0x47c90000,0x47ce0000] [id=3040]

VM state:not at safepoint (normal execution)

VM Mutex/Monitor currently owned by a thread: None

Heap:
 par new generation   total 314560K, used 84976K [0x05200000, 0x1a750000, 0x1a750000)
  eden space 279616K,  18% used [0x05200000, 0x08516110, 0x16310000)
  from space 34944K,  93% used [0x16310000, 0x182f5fa8, 0x18530000)
  to   space 34944K,   0% used [0x18530000, 0x18530000, 0x1a750000)
 concurrent mark-sweep generation total 699072K, used 110703K [0x1a750000, 0x45200000, 0x45200000)
 Metaspace       used 23388K, capacity 23610K, committed 23808K, reserved 23936K

Card table byte_map: [0x45200000,0x45410000] byte_map_base: 0x451d7000

Marking Bits: (CMSBitMap*) 0x02af7448
 Bits: [0x45570000, 0x46ac5800)

Mod Union Table: (CMSBitMap*) 0x02af74a8
 Bits: [0x011c0000, 0x011eaab0)

Polling page: 0x00db0000

CodeCache: size=32768Kb used=8142Kb max_used=8142Kb free=24625Kb
 bounds [0x02c90000, 0x03488000, 0x04c90000]
 total_blobs=4286 nmethods=3887 adapters=326
 compilation: enabled

Compilation events (10 events):
Event: 110.993 Thread 0x47547000 3946             net.minecraft.client.renderer.entity.RenderLiving::func_110827_b (847 bytes)
Event: 110.996 Thread 0x47547000 nmethod 3946 0x0347e7c8 code [0x0347edc0, 0x0347fb58]
Event: 110.996 Thread 0x47547000 3947             net.minecraft.client.renderer.entity.Render::doRenderShadowAndFire (108 bytes)
Event: 110.997 Thread 0x47547000 nmethod 3947 0x03480d08 code [0x03480e60, 0x034810fc]
Event: 110.997 Thread 0x47547000 3948             net.minecraft.client.renderer.entity.RenderManager::getDistanceToCamera (43 bytes)
Event: 110.997 Thread 0x47547000 nmethod 3948 0x03481508 code [0x03481600, 0x034816c0]
Event: 111.051 Thread 0x47547000 3949             net.minecraft.client.renderer.entity.RenderZombie::func_82427_a (135 bytes)
Event: 111.052 Thread 0x47547000 nmethod 3949 0x03481708 code [0x03481860, 0x03481bd0]
Event: 111.057 Thread 0x47547000 3950             net.minecraft.client.renderer.culling.ClippingHelperImpl::normalize (76 bytes)
Event: 111.058 Thread 0x47547000 nmethod 3950 0x03481e88 code [0x03481f80, 0x034820b0]

GC Heap History (10 events):
Event: 101.322 GC heap before
{Heap before GC invocations=9 (full 5):
 par new generation   total 314560K, used 264317K [0x05200000, 0x1a750000, 0x1a750000)
  eden space 279616K,  90% used [0x05200000, 0x149cae78, 0x16310000)
  from space 34944K,  30% used [0x16310000, 0x16d64670, 0x18530000)
  to   space 34944K,   0% used [0x18530000, 0x18530000, 0x1a750000)
 concurrent mark-sweep generation total 699072K, used 55514K [0x1a750000, 0x45200000, 0x45200000)
 Metaspace       used 19128K, capacity 19320K, committed 19456K, reserved 19840K
Event: 101.484 GC heap after
Heap after GC invocations=10 (full 6):
 par new generation   total 314560K, used 0K [0x05200000, 0x1a750000, 0x1a750000)
  eden space 279616K,   0% used [0x05200000, 0x05200000, 0x16310000)
  from space 34944K,   0% used [0x16310000, 0x16310000, 0x18530000)
  to   space 34944K,   0% used [0x18530000, 0x18530000, 0x1a750000)
 concurrent mark-sweep generation total 699072K, used 63184K [0x1a750000, 0x45200000, 0x45200000)
 Metaspace       used 19128K, capacity 19320K, committed 19456K, reserved 19840K
}
Event: 101.484 GC heap before
{Heap before GC invocations=10 (full 6):
 par new generation   total 314560K, used 0K [0x05200000, 0x1a750000, 0x1a750000)
  eden space 279616K,   0% used [0x05200000, 0x05200000, 0x16310000)
  from space 34944K,   0% used [0x16310000, 0x16310000, 0x18530000)
  to   space 34944K,   0% used [0x18530000, 0x18530000, 0x1a750000)
 concurrent mark-sweep generation total 699072K, used 63184K [0x1a750000, 0x45200000, 0x45200000)
 Metaspace       used 19128K, capacity 19320K, committed 19456K, reserved 19840K
Event: 101.597 GC heap after
Heap after GC invocations=11 (full 7):
 par new generation   total 314560K, used 0K [0x05200000, 0x1a750000, 0x1a750000)
  eden space 279616K,   0% used [0x05200000, 0x05200000, 0x16310000)
  from space 34944K,   0% used [0x16310000, 0x16310000, 0x18530000)
  to   space 34944K,   0% used [0x18530000, 0x18530000, 0x1a750000)
 concurrent mark-sweep generation total 699072K, used 63184K [0x1a750000, 0x45200000, 0x45200000)
 Metaspace       used 19128K, capacity 19320K, committed 19456K, reserved 19840K
}
Event: 105.366 GC heap before
{Heap before GC invocations=11 (full 8):
 par new generation   total 314560K, used 279616K [0x05200000, 0x1a750000, 0x1a750000)
  eden space 279616K, 100% used [0x05200000, 0x16310000, 0x16310000)
  from space 34944K,   0% used [0x16310000, 0x16310000, 0x18530000)
  to   space 34944K,   0% used [0x18530000, 0x18530000, 0x1a750000)
 concurrent mark-sweep generation total 699072K, used 62502K [0x1a750000, 0x45200000, 0x45200000)
 Metaspace       used 20805K, capacity 20980K, committed 21120K, reserved 21888K
Event: 105.397 GC heap after
Heap after GC invocations=12 (full 8):
 par new generation   total 314560K, used 34944K [0x05200000, 0x1a750000, 0x1a750000)
  eden space 279616K,   0% used [0x05200000, 0x05200000, 0x16310000)
  from space 34944K, 100% used [0x18530000, 0x1a750000, 0x1a750000)
  to   space 34944K,   0% used [0x16310000, 0x16310000, 0x18530000)
 concurrent mark-sweep generation total 699072K, used 71873K [0x1a750000, 0x45200000, 0x45200000)
 Metaspace       used 20805K, capacity 20980K, committed 21120K, reserved 21888K
}
Event: 107.004 GC heap before
{Heap before GC invocations=12 (full 8):
 par new generation   total 314560K, used 201360K [0x05200000, 0x1a750000, 0x1a750000)
  eden space 279616K,  59% used [0x05200000, 0x0f4843e0, 0x16310000)
  from space 34944K, 100% used [0x18530000, 0x1a750000, 0x1a750000)
  to   space 34944K,   0% used [0x16310000, 0x16310000, 0x18530000)
 concurrent mark-sweep generation total 699072K, used 71873K [0x1a750000, 0x45200000, 0x45200000)
 Metaspace       used 22038K, capacity 22228K, committed 22400K, reserved 22912K
Event: 107.226 GC heap after
Heap after GC invocations=13 (full 9):
 par new generation   total 314560K, used 0K [0x05200000, 0x1a750000, 0x1a750000)
  eden space 279616K,   0% used [0x05200000, 0x05200000, 0x16310000)
  from space 34944K,   0% used [0x18530000, 0x18530000, 0x1a750000)
  to   space 34944K,   0% used [0x16310000, 0x16310000, 0x18530000)
 concurrent mark-sweep generation total 699072K, used 110703K [0x1a750000, 0x45200000, 0x45200000)
 Metaspace       used 22038K, capacity 22228K, committed 22400K, reserved 22912K
}
Event: 109.450 GC heap before
{Heap before GC invocations=13 (full 10):
 par new generation   total 314560K, used 279616K [0x05200000, 0x1a750000, 0x1a750000)
  eden space 279616K, 100% used [0x05200000, 0x16310000, 0x16310000)
  from space 34944K,   0% used [0x18530000, 0x18530000, 0x1a750000)
  to   space 34944K,   0% used [0x16310000, 0x16310000, 0x18530000)
 concurrent mark-sweep generation total 699072K, used 110703K [0x1a750000, 0x45200000, 0x45200000)
 Metaspace       used 23377K, capacity 23607K, committed 23808K, reserved 23936K
Event: 109.461 GC heap after
Heap after GC invocations=14 (full 10):
 par new generation   total 314560K, used 32663K [0x05200000, 0x1a750000, 0x1a750000)
  eden space 279616K,   0% used [0x05200000, 0x05200000, 0x16310000)
  from space 34944K,  93% used [0x16310000, 0x182f5fa8, 0x18530000)
  to   space 34944K,   0% used [0x18530000, 0x18530000, 0x1a750000)
 concurrent mark-sweep generation total 699072K, used 110703K [0x1a750000, 0x45200000, 0x45200000)
 Metaspace       used 23377K, capacity 23607K, committed 23808K, reserved 23936K
}

Deoptimization events (0 events):
No events

Internal exceptions (10 events):
Event: 110.800 Thread 0x53413c00 Exception <a 'java/lang/InterruptedException': sleep interrupted> (0x07aa2200) thrown at [C:\workspace\8-2-build-windows-i586-cygwin\jdk8u121\8372\hotspot\src\share\vm\prims\jvm.cpp, line 3228]
Event: 110.829 Thread 0x53413c00 Exception <a 'java/lang/InterruptedException': sleep interrupted> (0x07aa2480) thrown at [C:\workspace\8-2-build-windows-i586-cygwin\jdk8u121\8372\hotspot\src\share\vm\prims\jvm.cpp, line 3228]
Event: 110.858 Thread 0x53413c00 Exception <a 'java/lang/InterruptedException': sleep interrupted> (0x07aa2700) thrown at [C:\workspace\8-2-build-windows-i586-cygwin\jdk8u121\8372\hotspot\src\share\vm\prims\jvm.cpp, line 3228]
Event: 110.888 Thread 0x53413c00 Exception <a 'java/lang/InterruptedException': sleep interrupted> (0x07aa2980) thrown at [C:\workspace\8-2-build-windows-i586-cygwin\jdk8u121\8372\hotspot\src\share\vm\prims\jvm.cpp, line 3228]
Event: 110.915 Thread 0x53413c00 Exception <a 'java/lang/InterruptedException': sleep interrupted> (0x07aa2c00) thrown at [C:\workspace\8-2-build-windows-i586-cygwin\jdk8u121\8372\hotspot\src\share\vm\prims\jvm.cpp, line 3228]
Event: 110.972 Thread 0x53413c00 Exception <a 'java/lang/InterruptedException': sleep interrupted> (0x07aa2e80) thrown at [C:\workspace\8-2-build-windows-i586-cygwin\jdk8u121\8372\hotspot\src\share\vm\prims\jvm.cpp, line 3228]
Event: 110.996 Thread 0x53413c00 Exception <a 'java/lang/InterruptedException': sleep interrupted> (0x07aa3100) thrown at [C:\workspace\8-2-build-windows-i586-cygwin\jdk8u121\8372\hotspot\src\share\vm\prims\jvm.cpp, line 3228]
Event: 111.013 Thread 0x53413c00 Exception <a 'java/lang/InterruptedException': sleep interrupted> (0x07aa3380) thrown at [C:\workspace\8-2-build-windows-i586-cygwin\jdk8u121\8372\hotspot\src\share\vm\prims\jvm.cpp, line 3228]
Event: 111.039 Thread 0x53413c00 Exception <a 'java/lang/InterruptedException': sleep interrupted> (0x07aa3600) thrown at [C:\workspace\8-2-build-windows-i586-cygwin\jdk8u121\8372\hotspot\src\share\vm\prims\jvm.cpp, line 3228]
Event: 111.057 Thread 0x53413c00 Exception <a 'java/lang/InterruptedException': sleep interrupted> (0x07aa3880) thrown at [C:\workspace\8-2-build-windows-i586-cygwin\jdk8u121\8372\hotspot\src\share\vm\prims\jvm.cpp, line 3228]

Events (10 events):
Event: 110.148 Executing VM operation: RevokeBias
Event: 110.148 Executing VM operation: RevokeBias done
Event: 110.295 loading class net/minecraft/entity/monster/EntitySpider$GroupData
Event: 110.295 loading class net/minecraft/entity/monster/EntitySpider$GroupData done
Event: 110.361 loading class net/minecraft/util/CombatEntry
Event: 110.361 loading class net/minecraft/util/CombatEntry done
Event: 110.381 Executing VM operation: RevokeBias
Event: 110.381 Executing VM operation: RevokeBias done
Event: 110.799 Executing VM operation: RevokeBias
Event: 110.799 Executing VM operation: RevokeBias done


Dynamic libraries:
0x00df0000 - 0x00e23000 	C:\Program Files (x86)\Java\jdk1.8.0_121\bin\java.exe
0x77360000 - 0x774f0000 	C:\WINDOWS\SYSTEM32\ntdll.dll
0x74060000 - 0x74140000 	C:\WINDOWS\System32\KERNEL32.DLL
0x77080000 - 0x77264000 	C:\WINDOWS\System32\KERNELBASE.dll
0x6b560000 - 0x6b5fd000 	C:\WINDOWS\SYSTEM32\apphelp.dll
0x6d540000 - 0x6d7c1000 	C:\WINDOWS\SYSTEM32\AcLayers.DLL
0x753b0000 - 0x7546f000 	C:\WINDOWS\System32\msvcrt.dll
0x744b0000 - 0x7463d000 	C:\WINDOWS\System32\USER32.dll
0x747e0000 - 0x747f7000 	C:\WINDOWS\System32\win32u.dll
0x74760000 - 0x74782000 	C:\WINDOWS\System32\GDI32.dll
0x76e10000 - 0x76f74000 	C:\WINDOWS\System32\gdi32full.dll
0x76910000 - 0x7698d000 	C:\WINDOWS\System32\msvcp_win.dll
0x74640000 - 0x7475d000 	C:\WINDOWS\System32\ucrtbase.dll
0x75570000 - 0x768ba000 	C:\WINDOWS\System32\SHELL32.dll
0x74790000 - 0x747c9000 	C:\WINDOWS\System32\cfgmgr32.dll
0x769a0000 - 0x76a28000 	C:\WINDOWS\System32\shcore.dll
0x73ea0000 - 0x73f60000 	C:\WINDOWS\System32\RPCRT4.dll
0x73c20000 - 0x73c40000 	C:\WINDOWS\System32\SspiCli.dll
0x73c10000 - 0x73c1a000 	C:\WINDOWS\System32\CRYPTBASE.dll
0x76ab0000 - 0x76b08000 	C:\WINDOWS\System32\bcryptPrimitives.dll
0x74800000 - 0x74844000 	C:\WINDOWS\System32\sechost.dll
0x73c40000 - 0x73e9c000 	C:\WINDOWS\System32\combase.dll
0x74850000 - 0x74e0a000 	C:\WINDOWS\System32\windows.storage.dll
0x73fe0000 - 0x74058000 	C:\WINDOWS\System32\advapi32.dll
0x752d0000 - 0x75315000 	C:\WINDOWS\System32\shlwapi.dll
0x75250000 - 0x7525f000 	C:\WINDOWS\System32\kernel.appcore.dll
0x74400000 - 0x74418000 	C:\WINDOWS\System32\profapi.dll
0x73f60000 - 0x73fa5000 	C:\WINDOWS\System32\powrprof.dll
0x76aa0000 - 0x76aa8000 	C:\WINDOWS\System32\FLTLIB.DLL
0x76fe0000 - 0x77076000 	C:\WINDOWS\System32\OLEAUT32.dll
0x74e10000 - 0x7523b000 	C:\WINDOWS\System32\SETUPAPI.dll
0x73730000 - 0x73748000 	C:\WINDOWS\SYSTEM32\MPR.dll
0x73b90000 - 0x73bfd000 	C:\WINDOWS\SYSTEM32\WINSPOOL.DRV
0x739c0000 - 0x73b40000 	C:\WINDOWS\SYSTEM32\PROPSYS.dll
0x73b60000 - 0x73b90000 	C:\WINDOWS\SYSTEM32\IPHLPAPI.DLL
0x73b40000 - 0x73b59000 	C:\WINDOWS\SYSTEM32\bcrypt.dll
0x00d70000 - 0x00d73000 	C:\WINDOWS\SYSTEM32\sfc.dll
0x6ff40000 - 0x6ff50000 	C:\WINDOWS\SYSTEM32\sfc_os.DLL
0x73fb0000 - 0x73fd6000 	C:\WINDOWS\System32\IMM32.DLL
0x6c520000 - 0x6c724000 	C:\WINDOWS\WinSxS\x86_microsoft.windows.common-controls_6595b64144ccf1df_6.0.17134.765_none_42efd88044e1819c\COMCTL32.dll
0x72690000 - 0x7274f000 	C:\Program Files (x86)\Java\jdk1.8.0_121\jre\bin\msvcr100.dll
0x5acf0000 - 0x5b0be000 	C:\Program Files (x86)\Java\jdk1.8.0_121\jre\bin\client\jvm.dll
0x75240000 - 0x75246000 	C:\WINDOWS\System32\PSAPI.DLL
0x6c510000 - 0x6c518000 	C:\WINDOWS\SYSTEM32\WSOCK32.dll
0x71880000 - 0x718a4000 	C:\WINDOWS\SYSTEM32\WINMM.dll
0x75260000 - 0x752c7000 	C:\WINDOWS\System32\WS2_32.dll
0x73c00000 - 0x73c08000 	C:\WINDOWS\SYSTEM32\VERSION.dll
0x71560000 - 0x71583000 	C:\WINDOWS\SYSTEM32\winmmbase.dll
0x727a0000 - 0x727ac000 	C:\Program Files (x86)\Java\jdk1.8.0_121\jre\bin\verify.dll
0x725f0000 - 0x72611000 	C:\Program Files (x86)\Java\jdk1.8.0_121\jre\bin\java.dll
0x720c0000 - 0x720e0000 	C:\Program Files (x86)\Java\jdk1.8.0_121\jre\bin\instrument.dll
0x72780000 - 0x72793000 	C:\Program Files (x86)\Java\jdk1.8.0_121\jre\bin\zip.dll
0x724e0000 - 0x724f6000 	C:\Users\Alex Schmid\AppData\Local\JetBrains\Toolbox\apps\IDEA-U\ch-0\191.7141.44\bin\breakgen.dll
0x725d0000 - 0x725e6000 	C:\Program Files (x86)\Java\jdk1.8.0_121\jre\bin\net.dll
0x73750000 - 0x737a6000 	C:\WINDOWS\system32\mswsock.dll
0x724d0000 - 0x724da000 	C:\Program Files (x86)\Java\jdk1.8.0_121\jre\bin\management.dll
0x72680000 - 0x7268f000 	C:\Program Files (x86)\Java\jdk1.8.0_121\jre\bin\nio.dll
0x6e810000 - 0x6e821000 	C:\WINDOWS\system32\napinsp.dll
0x6e7f0000 - 0x6e806000 	C:\WINDOWS\system32\pnrpnsp.dll
0x6e7d0000 - 0x6e7e3000 	C:\WINDOWS\system32\NLAapi.dll
0x71590000 - 0x7161e000 	C:\WINDOWS\SYSTEM32\DNSAPI.dll
0x747d0000 - 0x747d7000 	C:\WINDOWS\System32\NSI.dll
0x6e7c0000 - 0x6e7cc000 	C:\WINDOWS\System32\winrnr.dll
0x6e7a0000 - 0x6e7b1000 	C:\WINDOWS\System32\wshbth.dll
0x70860000 - 0x70868000 	C:\Windows\System32\rasadhlp.dll
0x6da70000 - 0x6dabf000 	C:\WINDOWS\System32\fwpuclnt.dll
0x48e10000 - 0x48e5d000 	C:\Users\Alex Schmid\.gradle\caches\minecraft\net\minecraft\minecraft_natives\1.7.10\lwjgl.dll
0x68300000 - 0x683d9000 	C:\WINDOWS\SYSTEM32\OPENGL32.dll
0x6c990000 - 0x6c9cf000 	C:\WINDOWS\SYSTEM32\GLU32.dll
0x707c0000 - 0x707d3000 	C:\WINDOWS\SYSTEM32\CRYPTSP.dll
0x70790000 - 0x707bf000 	C:\WINDOWS\system32\rsaenh.dll
0x71850000 - 0x71871000 	C:\WINDOWS\SYSTEM32\USERENV.dll
0x70990000 - 0x709a3000 	C:\WINDOWS\SYSTEM32\dhcpcsvc6.DLL
0x70970000 - 0x70984000 	C:\WINDOWS\SYSTEM32\dhcpcsvc.DLL
0x71f70000 - 0x720b6000 	C:\Program Files (x86)\Java\jdk1.8.0_121\jre\bin\awt.dll
0x71650000 - 0x716cc000 	C:\WINDOWS\system32\uxtheme.dll
0x74140000 - 0x74283000 	C:\WINDOWS\System32\MSCTF.dll
0x71620000 - 0x71643000 	C:\WINDOWS\system32\dwmapi.dll
0x59a00000 - 0x5a265000 	C:\WINDOWS\SYSTEM32\ig75icd32.dll
0x65830000 - 0x660fa000 	C:\WINDOWS\SYSTEM32\igdusc32.dll
0x73500000 - 0x7350f000 	C:\WINDOWS\SYSTEM32\WTSAPI32.dll
0x696b0000 - 0x6972d000 	C:\WINDOWS\System32\TextInputFramework.dll
0x693c0000 - 0x6944b000 	C:\WINDOWS\System32\CoreMessaging.dll
0x69450000 - 0x696ad000 	C:\WINDOWS\System32\CoreUIComponents.dll
0x73990000 - 0x739b9000 	C:\WINDOWS\SYSTEM32\ntmarta.dll
0x6de40000 - 0x6df16000 	C:\WINDOWS\SYSTEM32\wintypes.dll
0x6cfc0000 - 0x6d04e000 	C:\WINDOWS\SYSTEM32\mscms.dll
0x700e0000 - 0x700ec000 	C:\WINDOWS\SYSTEM32\ColorAdapterClient.dll
0x614d0000 - 0x6150e000 	C:\WINDOWS\SYSTEM32\icm32.dll
0x69d70000 - 0x69e08000 	C:\WINDOWS\SYSTEM32\dxgi.dll
0x69980000 - 0x69bd2000 	C:\WINDOWS\SYSTEM32\d3d11.dll
0x666f0000 - 0x67325000 	C:\WINDOWS\SYSTEM32\igd10iumd32.dll
0x6e400000 - 0x6e41f000 	C:\WINDOWS\SYSTEM32\ncrypt.dll
0x6e3d0000 - 0x6e3fd000 	C:\WINDOWS\SYSTEM32\NTASN1.dll
0x59120000 - 0x59185000 	C:\Users\Alex Schmid\.gradle\caches\minecraft\net\minecraft\minecraft_natives\1.7.10\OpenAL32.dll
0x75470000 - 0x7556c000 	C:\WINDOWS\System32\ole32.dll
0x75320000 - 0x753a3000 	C:\WINDOWS\System32\clbcatq.dll
0x6ca60000 - 0x6cabc000 	C:\WINDOWS\System32\MMDevApi.dll
0x73960000 - 0x73982000 	C:\WINDOWS\System32\DEVOBJ.dll
0x59300000 - 0x59381000 	C:\WINDOWS\SYSTEM32\dsound.dll
0x6cac0000 - 0x6cbbb000 	C:\WINDOWS\SYSTEM32\AUDIOSES.DLL
0x59270000 - 0x59278000 	C:\WINDOWS\SYSTEM32\AVRT.dll
0x72590000 - 0x725b0000 	C:\Program Files (x86)\Java\jdk1.8.0_121\jre\bin\sunec.dll
0x72580000 - 0x72589000 	C:\Program Files (x86)\Java\jdk1.8.0_121\jre\bin\sunmscapi.dll
0x76b10000 - 0x76ca6000 	C:\WINDOWS\System32\CRYPT32.dll
0x76990000 - 0x7699e000 	C:\WINDOWS\System32\MSASN1.dll
0x66100000 - 0x66282000 	C:\WINDOWS\SYSTEM32\dbghelp.dll

VM Arguments:
jvm_args: -Xincgc -Xmx1024M -Xms1024M -javaagent:C:\Users\Alex Schmid\AppData\Local\JetBrains\Toolbox\apps\IDEA-U\ch-0\191.7141.44\lib\idea_rt.jar=55170:C:\Users\Alex Schmid\AppData\Local\JetBrains\Toolbox\apps\IDEA-U\ch-0\191.7141.44\bin -Dfile.encoding=UTF-8 
java_command: GradleStart
java_class_path (initial): C:\Program Files (x86)\Java\jdk1.8.0_121\jre\lib\charsets.jar;C:\Program Files (x86)\Java\jdk1.8.0_121\jre\lib\deploy.jar;C:\Program Files (x86)\Java\jdk1.8.0_121\jre\lib\ext\access-bridge-32.jar;C:\Program Files (x86)\Java\jdk1.8.0_121\jre\lib\ext\cldrdata.jar;C:\Program Files (x86)\Java\jdk1.8.0_121\jre\lib\ext\dnsns.jar;C:\Program Files (x86)\Java\jdk1.8.0_121\jre\lib\ext\jaccess.jar;C:\Program Files (x86)\Java\jdk1.8.0_121\jre\lib\ext\jfxrt.jar;C:\Program Files (x86)\Java\jdk1.8.0_121\jre\lib\ext\localedata.jar;C:\Program Files (x86)\Java\jdk1.8.0_121\jre\lib\ext\nashorn.jar;C:\Program Files (x86)\Java\jdk1.8.0_121\jre\lib\ext\sunec.jar;C:\Program Files (x86)\Java\jdk1.8.0_121\jre\lib\ext\sunjce_provider.jar;C:\Program Files (x86)\Java\jdk1.8.0_121\jre\lib\ext\sunmscapi.jar;C:\Program Files (x86)\Java\jdk1.8.0_121\jre\lib\ext\sunpkcs11.jar;C:\Program Files (x86)\Java\jdk1.8.0_121\jre\lib\ext\zipfs.jar;C:\Program Files (x86)\Java\jdk1.8.0_121\jre\lib\javaws.jar;C:\Program Files (x86)\Java\jdk1.8.0_121\jre\lib\jce.jar;C:\Program Files (x86)\Java\jdk1.8.0_121\jre\lib\jfr.jar;C:\Program Files (x86)\Java\jdk1.8.0_121\jre\lib\jfxswt.jar;C:\Program Files (x86)\Java\jdk1.8.0_121\jre\lib\jsse.jar;C:\Program Files (x86)\Java\jdk1.8.0_121\jre\lib\management-agent.jar;C:\Program Files (x86)\Java\jdk1.8.0_121\jre\lib\plugin.jar;C:\Program Files (x86)\Java\jdk1.8.0_121\jre\lib\resources.jar;C:\Program Files (x86)\Java\jdk1.8.0_121\jre\lib\rt.jar;C:\Users\Alex Schmid\JAVA_Classes\algs4.jar;D:\Github Repos\Minecraft Mods Experiments\forge_1.7.10_UCmod\out\production\forge_1.7.10_UCmod.main;C:\Users\Alex Schmid\.gradle\caches\minecraft\net\minecraftforge\forge\1.7.10-10.13.4.1614-1.7.10\forgeSrc-1.7.10-10.13.4.1614-1.7.10.jar;C:\Users\Alex Schmid\.gradle\caches\modules-2\files-2.1\net.minecraft\launchwrapper\1.12\111e7bea9c968cdb3d06ef4632bf7ff0824d0f36\launchwrapper-1.12.jar;C:\Users\Alex Schmid\.gradle\caches\modules-2\files-2.1\com.google.code.fin
Launcher Type: SUN_STANDARD

Environment Variables:
JAVA_HOME=C:\Program Files\Java\jdk1.8.0_121
PATH=C:\Users\Alex Schmid\AppData\Local\Programs\Python\Python36-32\Scripts\;C:\Users\Alex Schmid\AppData\Local\Programs\Python\Python36-32\;C:\Python27;C:\Program Files (x86)\Python36-32\Scripts\;C:\Program Files (x86)\Python36-32\;c:\programdata\oracle\java\javapath;c:\windows\system32;c:\windows;c:\windows\system32\wbem;c:\windows\system32\windowspowershell\v1.0\;C:\Program Files (x86)\GtkSharp\2.12\bin;C:\WINDOWS\system32;C:\WINDOWS;C:\WINDOWS\System32\Wbem;C:\WINDOWS\System32\WindowsPowerShell\v1.0\;C:\Program Files (x86)\NVIDIA Corporation\PhysX\Common;C:\Program Files (x86)\CodeBlocks\MinGW\bin;C:\Program Files\Microsoft SQL Server\130\Tools\Binn\;C:\Program Files\Java\jdk1.8.0_121\bin;C:\Gradle\gradle-4.4.1\bin;C:\Program Files (x86)\Brackets\command;C:\Program Files\dotnet\;C:\WINDOWS\System32\OpenSSH\;C:\Strawberry\c\bin;C:\Strawberry\perl\site\bin;C:\Strawberry\perl\bin;C:\Program Files (x86)\Google\Chrome\Application;C:\Program Files\CMake\bin;C:\Program Files\Git\cmd;C:\Program Files\nodejs\;C:\Program Files (x86)\Google\Cloud SDK\google-cloud-sdk\bin;C:\Program Files\Java\jdk1.8.0_121\bin;C:\Users\Alex Schmid\AppData\Local\Programs\Python\Python37-32\Scripts\;C:\Users\Alex Schmid\AppData\Local\Programs\Python\Python37-32\;C:\Users\Alex Schmid\AppData\Local\Microsoft\WindowsApps;C:\Program Files\Microsoft VS Code\bin;C:\Users\Alex Schmid\AppData\Local\GitHubDesktop\bin;C:\Program Files\JetBrains\IntelliJ IDEA 2018.3.4\bin;;C:\Users\Alex Schmid\AppData\Roaming\npm;C:\Users\Alex Schmid\AppData\Local\Google\Cloud SDK\google-cloud-sdk\bin
USERNAME=Alex Schmid
OS=Windows_NT
PROCESSOR_IDENTIFIER=Intel64 Family 6 Model 60 Stepping 3, GenuineIntel



---------------  S Y S T E M  ---------------

OS: Windows 10.0 , 64 bit Build 17134 (10.0.17134.753)

CPU:total 8 (4 cores per cpu, 2 threads per core) family 6 model 60 stepping 3, cmov, cx8, fxsr, mmx, sse, sse2, sse3, ssse3, sse4.1, sse4.2, popcnt, avx, avx2, aes, clmul, erms, lzcnt, ht, tsc, tscinvbit, bmi1, bmi2

Memory: 4k page, physical 8302956k(1314428k free), swap 12770580k(1760880k free)

vm_info: Java HotSpot(TM) Client VM (25.121-b13) for windows-x86 JRE (1.8.0_121-b13), built on Dec 12 2016 18:17:00 by "java_re" with MS VC++ 10.0 (VS2010)

time: Sat May 18 19:15:24 2019
elapsed time: 111 seconds (0d 0h 1m 51s)

