#
# A fatal error has been detected by the Java Runtime Environment:
#
#  EXCEPTION_ACCESS_VIOLATION (0xc0000005) at pc=0x59a0e90a, pid=18352, tid=0x00004234
#
# JRE version: Java(TM) SE Runtime Environment (8.0_121-b13) (build 1.8.0_121-b13)
# Java VM: Java HotSpot(TM) Client VM (25.121-b13 mixed mode windows-x86 )
# Problematic frame:
# C  [ig75icd32.dll+0xe90a]
#
# Failed to write core dump. Minidumps are not enabled by default on client versions of Windows
#
# If you would like to submit a bug report, please visit:
#   http://bugreport.java.com/bugreport/crash.jsp
# The crash happened outside the Java Virtual Machine in native code.
# See problematic frame for where to report the bug.
#

---------------  T H R E A D  ---------------

Current thread (0x00afd400):  JavaThread "Client thread" [_thread_in_native, id=16948, stack(0x00d00000,0x00d50000)]

siginfo: ExceptionCode=0xc0000005, writing address 0x00000000

Registers:
EAX=0x3e2cacad, EBX=0x00c40840, ECX=0x00000010, EDX=0x00c56cc0
ESP=0x00d4ed5c, EBP=0x00d4ed5c, ESI=0x00c5607c, EDI=0x00000012
EIP=0x59a0e90a, EFLAGS=0x00010293

Top of Stack: (sp=0x00d4ed5c)
0x00d4ed5c:   00d4ed78 59ab09a8 00000010 00c40840
0x00d4ed6c:   00c40840 00000000 00000000 00d4ed94
0x00d4ed7c:   59ab16b4 00c40840 59d5a834 00c40840
0x00d4ed8c:   59df5fec 6fd3c26c 00d4edc0 59fc0cf2
0x00d4ed9c:   00c40840 6fd3c270 00c40840 6fd3c1e0
0x00d4edac:   59e01489 00000155 00000154 00c40840
0x00d4edbc:   00c40840 00d4eddc 59e0172e 00afd400
0x00d4edcc:   59e015d0 00000000 704f0048 704f059c 

Instructions: (pc=0x59a0e90a)
0x59a0e8ea:   42 dc 89 41 dc 8b 42 e0 89 41 e0 8b 42 e4 89 41
0x59a0e8fa:   e4 8b 42 e8 89 41 e8 8b 42 ec 89 41 ec 8b 42 f0
0x59a0e90a:   89 41 f0 8b 42 f4 89 41 f4 8b 42 f8 89 41 f8 8b
0x59a0e91a:   42 fc 89 41 fc 8b 45 08 a8 01 74 0a 8a 02 88 01 


Register to memory mapping:

EAX=0x3e2cacad is an unknown value
EBX=0x00c40840 is an unknown value
ECX=0x00000010 is an unknown value
EDX=0x00c56cc0 is an unknown value
ESP=0x00d4ed5c is pointing into the stack for thread: 0x00afd400
EBP=0x00d4ed5c is pointing into the stack for thread: 0x00afd400
ESI=0x00c5607c is an unknown value
EDI=0x00000012 is an unknown value


Stack: [0x00d00000,0x00d50000],  sp=0x00d4ed5c,  free space=315k
Native frames: (J=compiled Java code, j=interpreted, Vv=VM code, C=native code)
C  [ig75icd32.dll+0xe90a]
C  [ig75icd32.dll+0xb09a8]
C  [ig75icd32.dll+0xb16b4]
C  [ig75icd32.dll+0x5c0cf2]
C  [ig75icd32.dll+0x40172e]
C  [OPENGL32.dll+0x23ec0]
C  [lwjgl.dll+0x8643]
J 5476 C1 org.lwjgl.opengl.GL11.glCallLists(Ljava/nio/IntBuffer;)V (33 bytes) @ 0x02e36844 [0x02e36730+0x114]
J 3658 C1 net.minecraft.client.renderer.RenderList.callLists()V (87 bytes) @ 0x029b1624 [0x029b1550+0xd4]
J 3587 C1 net.minecraft.client.renderer.RenderGlobal.renderAllRenderLists(ID)V (52 bytes) @ 0x02938878 [0x02938810+0x68]
J 3370 C1 net.minecraft.client.renderer.RenderGlobal.renderSortedRenderers(IIID)I (589 bytes) @ 0x02ee2f5c [0x02ee2940+0x61c]
J 3487 C1 net.minecraft.client.renderer.RenderGlobal.sortAndRender(Lnet/minecraft/entity/EntityLivingBase;ID)I (1189 bytes) @ 0x02f3073c [0x02f2ed30+0x1a0c]
j  net.minecraft.client.renderer.EntityRenderer.renderWorld(FJ)V+639
J 3803 C1 net.minecraft.client.renderer.EntityRenderer.updateCameraAndRender(F)V (874 bytes) @ 0x02fba4bc [0x02fb9b80+0x93c]
J 2431 C1 net.minecraft.client.Minecraft.runGameLoop()V (769 bytes) @ 0x02d3d374 [0x02d3cb70+0x804]
j  net.minecraft.client.Minecraft.run()V+61
j  net.minecraft.client.main.Main.main([Ljava/lang/String;)V+998
v  ~StubRoutines::call_stub
V  [jvm.dll+0x15aa85]
V  [jvm.dll+0x220d7e]
V  [jvm.dll+0x15ab1e]
V  [jvm.dll+0x1672c8]
V  [jvm.dll+0x167533]
V  [jvm.dll+0x103f33]
C  [java.dll+0x3b26]
j  sun.reflect.NativeMethodAccessorImpl.invoke(Ljava/lang/Object;[Ljava/lang/Object;)Ljava/lang/Object;+100
j  sun.reflect.DelegatingMethodAccessorImpl.invoke(Ljava/lang/Object;[Ljava/lang/Object;)Ljava/lang/Object;+6
j  java.lang.reflect.Method.invoke(Ljava/lang/Object;[Ljava/lang/Object;)Ljava/lang/Object;+56
j  net.minecraft.launchwrapper.Launch.launch([Ljava/lang/String;)V+661
j  net.minecraft.launchwrapper.Launch.main([Ljava/lang/String;)V+8
j  net.minecraftforge.gradle.GradleStartCommon.launch([Ljava/lang/String;)V+181
j  GradleStart.main([Ljava/lang/String;)V+11
v  ~StubRoutines::call_stub
V  [jvm.dll+0x15aa85]
V  [jvm.dll+0x220d7e]
V  [jvm.dll+0x15ab1e]
V  [jvm.dll+0xdca47]
V  [jvm.dll+0xe4fdf]
C  [java.exe+0x229e]
C  [java.exe+0xae9f]
C  [java.exe+0xaf29]
C  [KERNEL32.DLL+0x18494]
C  [ntdll.dll+0x641c8]
C  [ntdll.dll+0x64198]
C  0x00000000

Java frames: (J=compiled Java code, j=interpreted, Vv=VM code)
J 5477  org.lwjgl.opengl.GL11.nglCallLists(IIJJ)V (0 bytes) @ 0x02d2953d [0x02d294e0+0x5d]
J 5476 C1 org.lwjgl.opengl.GL11.glCallLists(Ljava/nio/IntBuffer;)V (33 bytes) @ 0x02e36844 [0x02e36730+0x114]
J 3658 C1 net.minecraft.client.renderer.RenderList.callLists()V (87 bytes) @ 0x029b1624 [0x029b1550+0xd4]
J 3587 C1 net.minecraft.client.renderer.RenderGlobal.renderAllRenderLists(ID)V (52 bytes) @ 0x02938878 [0x02938810+0x68]
J 3370 C1 net.minecraft.client.renderer.RenderGlobal.renderSortedRenderers(IIID)I (589 bytes) @ 0x02ee2f5c [0x02ee2940+0x61c]
J 3487 C1 net.minecraft.client.renderer.RenderGlobal.sortAndRender(Lnet/minecraft/entity/EntityLivingBase;ID)I (1189 bytes) @ 0x02f3073c [0x02f2ed30+0x1a0c]
j  net.minecraft.client.renderer.EntityRenderer.renderWorld(FJ)V+639
J 3803 C1 net.minecraft.client.renderer.EntityRenderer.updateCameraAndRender(F)V (874 bytes) @ 0x02fba4bc [0x02fb9b80+0x93c]
J 2431 C1 net.minecraft.client.Minecraft.runGameLoop()V (769 bytes) @ 0x02d3d374 [0x02d3cb70+0x804]
j  net.minecraft.client.Minecraft.run()V+61
j  net.minecraft.client.main.Main.main([Ljava/lang/String;)V+998
v  ~StubRoutines::call_stub
j  sun.reflect.NativeMethodAccessorImpl.invoke0(Ljava/lang/reflect/Method;Ljava/lang/Object;[Ljava/lang/Object;)Ljava/lang/Object;+0
j  sun.reflect.NativeMethodAccessorImpl.invoke(Ljava/lang/Object;[Ljava/lang/Object;)Ljava/lang/Object;+100
j  sun.reflect.DelegatingMethodAccessorImpl.invoke(Ljava/lang/Object;[Ljava/lang/Object;)Ljava/lang/Object;+6
j  java.lang.reflect.Method.invoke(Ljava/lang/Object;[Ljava/lang/Object;)Ljava/lang/Object;+56
j  net.minecraft.launchwrapper.Launch.launch([Ljava/lang/String;)V+661
j  net.minecraft.launchwrapper.Launch.main([Ljava/lang/String;)V+8
j  net.minecraftforge.gradle.GradleStartCommon.launch([Ljava/lang/String;)V+181
j  GradleStart.main([Ljava/lang/String;)V+11
v  ~StubRoutines::call_stub

---------------  P R O C E S S  ---------------

Java Threads: ( => current thread )
  0x589f3c00 JavaThread "Netty IO #3" daemon [_thread_in_native, id=16532, stack(0x61370000,0x613c0000)]
  0x589efc00 JavaThread "Netty Client IO #1" daemon [_thread_in_native, id=15188, stack(0x61250000,0x612a0000)]
  0x589f2000 JavaThread "Netty IO #2" daemon [_thread_in_native, id=15064, stack(0x61130000,0x61180000)]
  0x5571b000 JavaThread "Server thread" [_thread_blocked, id=2484, stack(0x610a0000,0x610f0000)]
  0x5571a000 JavaThread "Snooper Timer" daemon [_thread_blocked, id=1156, stack(0x00a70000,0x00ac0000)]
  0x55719c00 JavaThread "File IO Thread" [_thread_blocked, id=16712, stack(0x612e0000,0x61330000)]
  0x55718400 JavaThread "pool-2-thread-1" [_thread_blocked, id=14796, stack(0x5ab50000,0x5aba0000)]
  0x5571a800 JavaThread "Netty IO #1" daemon [_thread_in_native, id=18604, stack(0x5a9c0000,0x5aa10000)]
  0x5571bc00 JavaThread "Netty Client IO #0" daemon [_thread_in_native, id=4684, stack(0x59310000,0x59360000)]
  0x55719400 JavaThread "Netty IO #0" daemon [_thread_in_native, id=15756, stack(0x00c70000,0x00cc0000)]
  0x5571b400 JavaThread "Thread-11" [_thread_blocked, id=14108, stack(0x59570000,0x595c0000)]
  0x55718800 JavaThread "Thread-10" [_thread_blocked, id=10232, stack(0x594e0000,0x59530000)]
  0x47dbd400 JavaThread "LWJGL Timer" daemon [_thread_blocked, id=6544, stack(0x511b0000,0x51200000)]
  0x47c7f800 JavaThread "Java2D Disposer" daemon [_thread_blocked, id=16444, stack(0x48fc0000,0x49010000)]
  0x47c78c00 JavaThread "Timer hack thread" daemon [_thread_blocked, id=15812, stack(0x48c30000,0x48c80000)]
  0x47d3b400 JavaThread "Snooper Timer" daemon [_thread_blocked, id=10800, stack(0x48a60000,0x48ab0000)]
  0x470e1000 JavaThread "Service Thread" daemon [_thread_blocked, id=3444, stack(0x477c0000,0x47810000)]
  0x470e0000 JavaThread "C1 CompilerThread0" daemon [_thread_blocked, id=6984, stack(0x47730000,0x47780000)]
  0x470d5800 JavaThread "Monitor Ctrl-Break" daemon [_thread_in_native, id=14076, stack(0x476a0000,0x476f0000)]
  0x46e06800 JavaThread "Attach Listener" daemon [_thread_blocked, id=13528, stack(0x475c0000,0x47610000)]
  0x46e03c00 JavaThread "Signal Dispatcher" daemon [_thread_blocked, id=17392, stack(0x47530000,0x47580000)]
  0x46e03400 JavaThread "Surrogate Locker Thread (Concurrent GC)" daemon [_thread_blocked, id=9540, stack(0x474a0000,0x474f0000)]
  0x46deac00 JavaThread "Finalizer" daemon [_thread_blocked, id=19288, stack(0x47320000,0x47370000)]
  0x46de6400 JavaThread "Reference Handler" daemon [_thread_blocked, id=10972, stack(0x47290000,0x472e0000)]
=>0x00afd400 JavaThread "Client thread" [_thread_in_native, id=16948, stack(0x00d00000,0x00d50000)]

Other Threads:
  0x46dd0000 VMThread [stack: 0x47200000,0x47250000] [id=19100]
  0x47052000 WatcherThread [stack: 0x47850000,0x478a0000] [id=18940]

VM state:not at safepoint (normal execution)

VM Mutex/Monitor currently owned by a thread: None

Heap:
 par new generation   total 314560K, used 45166K [0x04e00000, 0x1a350000, 0x1a350000)
  eden space 279616K,   8% used [0x04e00000, 0x06511e40, 0x15f10000)
  from space 34944K,  61% used [0x15f10000, 0x17419cb0, 0x18130000)
  to   space 34944K,   0% used [0x18130000, 0x18130000, 0x1a350000)
 concurrent mark-sweep generation total 699072K, used 148746K [0x1a350000, 0x44e00000, 0x44e00000)
 Metaspace       used 23676K, capacity 23905K, committed 24064K, reserved 24960K

Card table byte_map: [0x44e00000,0x45010000] byte_map_base: 0x44dd9000

Marking Bits: (CMSBitMap*) 0x026a7448
 Bits: [0x45170000, 0x466c5800)

Mod Union Table: (CMSBitMap*) 0x026a74a8
 Bits: [0x02850000, 0x0287aab0)

Polling page: 0x00ae0000

CodeCache: size=32768Kb used=6570Kb max_used=7226Kb free=26197Kb
 bounds [0x02890000, 0x02fe8000, 0x04890000]
 total_blobs=3197 nmethods=2796 adapters=328
 compilation: enabled

Compilation events (10 events):
Event: 202.611 Thread 0x470e0000 5481             net.minecraft.entity.monster.EntityZombie::isChild (19 bytes)
Event: 202.612 Thread 0x470e0000 nmethod 5481 0x02dbb648 code [0x02dbb750, 0x02dbb84c]
Event: 204.124 Thread 0x470e0000 5482             java.io.RandomAccessFile::writeInt (48 bytes)
Event: 204.125 Thread 0x470e0000 nmethod 5482 0x02dbb308 code [0x02dbb430, 0x02dbb540]
Event: 204.174 Thread 0x470e0000 5483             net.minecraft.client.renderer.OpenGlHelper::func_153171_g (58 bytes)
Event: 204.175 Thread 0x470e0000 nmethod 5483 0x02dbac08 code [0x02dbad60, 0x02dbb008]
Event: 204.291 Thread 0x470e0000 5484             net.minecraft.client.renderer.RenderBlocks::renderBlockLog (112 bytes)
Event: 204.292 Thread 0x470e0000 nmethod 5484 0x02d28dc8 code [0x02d28ed0, 0x02d29068]
Event: 204.294 Thread 0x470e0000 5485             net.minecraft.block.Block::renderAsNormalBlock (2 bytes)
Event: 204.294 Thread 0x470e0000 nmethod 5485 0x02e37088 code [0x02e37180, 0x02e37200]

GC Heap History (10 events):
Event: 155.611 GC heap before
{Heap before GC invocations=17 (full 13):
 par new generation   total 314560K, used 3479K [0x04e00000, 0x1a350000, 0x1a350000)
  eden space 279616K,   1% used [0x04e00000, 0x05165d48, 0x15f10000)
  from space 34944K,   0% used [0x18130000, 0x18130000, 0x1a350000)
  to   space 34944K,   0% used [0x15f10000, 0x15f10000, 0x18130000)
 concurrent mark-sweep generation total 699072K, used 132699K [0x1a350000, 0x44e00000, 0x44e00000)
 Metaspace       used 23546K, capacity 23750K, committed 23936K, reserved 23936K
Event: 155.819 GC heap after
Heap after GC invocations=18 (full 14):
 par new generation   total 314560K, used 0K [0x04e00000, 0x1a350000, 0x1a350000)
  eden space 279616K,   0% used [0x04e00000, 0x04e00000, 0x15f10000)
  from space 34944K,   0% used [0x18130000, 0x18130000, 0x1a350000)
  to   space 34944K,   0% used [0x15f10000, 0x15f10000, 0x18130000)
 concurrent mark-sweep generation total 699072K, used 132699K [0x1a350000, 0x44e00000, 0x44e00000)
 Metaspace       used 23546K, capacity 23750K, committed 23936K, reserved 23936K
}
Event: 163.074 GC heap before
{Heap before GC invocations=18 (full 15):
 par new generation   total 314560K, used 279616K [0x04e00000, 0x1a350000, 0x1a350000)
  eden space 279616K, 100% used [0x04e00000, 0x15f10000, 0x15f10000)
  from space 34944K,   0% used [0x18130000, 0x18130000, 0x1a350000)
  to   space 34944K,   0% used [0x15f10000, 0x15f10000, 0x18130000)
 concurrent mark-sweep generation total 699072K, used 132666K [0x1a350000, 0x44e00000, 0x44e00000)
 Metaspace       used 23565K, capacity 23787K, committed 23936K, reserved 23936K
Event: 163.094 GC heap after
Heap after GC invocations=19 (full 15):
 par new generation   total 314560K, used 34944K [0x04e00000, 0x1a350000, 0x1a350000)
  eden space 279616K,   0% used [0x04e00000, 0x04e00000, 0x15f10000)
  from space 34944K, 100% used [0x15f10000, 0x18130000, 0x18130000)
  to   space 34944K,   0% used [0x18130000, 0x18130000, 0x1a350000)
 concurrent mark-sweep generation total 699072K, used 135633K [0x1a350000, 0x44e00000, 0x44e00000)
 Metaspace       used 23565K, capacity 23787K, committed 23936K, reserved 23936K
}
Event: 170.619 GC heap before
{Heap before GC invocations=19 (full 16):
 par new generation   total 314560K, used 297408K [0x04e00000, 0x1a350000, 0x1a350000)
  eden space 279616K,  93% used [0x04e00000, 0x14e50168, 0x15f10000)
  from space 34944K, 100% used [0x15f10000, 0x18130000, 0x18130000)
  to   space 34944K,   0% used [0x18130000, 0x18130000, 0x1a350000)
 concurrent mark-sweep generation total 699072K, used 135633K [0x1a350000, 0x44e00000, 0x44e00000)
 Metaspace       used 23579K, capacity 23792K, committed 23936K, reserved 23936K
Event: 171.010 GC heap after
Heap after GC invocations=20 (full 17):
 par new generation   total 314560K, used 0K [0x04e00000, 0x1a350000, 0x1a350000)
  eden space 279616K,   0% used [0x04e00000, 0x04e00000, 0x15f10000)
  from space 34944K,   0% used [0x15f10000, 0x15f10000, 0x18130000)
  to   space 34944K,   0% used [0x18130000, 0x18130000, 0x1a350000)
 concurrent mark-sweep generation total 699072K, used 133038K [0x1a350000, 0x44e00000, 0x44e00000)
 Metaspace       used 23579K, capacity 23792K, committed 23936K, reserved 23936K
}
Event: 181.736 GC heap before
{Heap before GC invocations=20 (full 18):
 par new generation   total 314560K, used 279616K [0x04e00000, 0x1a350000, 0x1a350000)
  eden space 279616K, 100% used [0x04e00000, 0x15f10000, 0x15f10000)
  from space 34944K,   0% used [0x15f10000, 0x15f10000, 0x18130000)
  to   space 34944K,   0% used [0x18130000, 0x18130000, 0x1a350000)
 concurrent mark-sweep generation total 699072K, used 133038K [0x1a350000, 0x44e00000, 0x44e00000)
 Metaspace       used 23629K, capacity 23841K, committed 23936K, reserved 23936K
Event: 181.748 GC heap after
Heap after GC invocations=21 (full 18):
 par new generation   total 314560K, used 29285K [0x04e00000, 0x1a350000, 0x1a350000)
  eden space 279616K,   0% used [0x04e00000, 0x04e00000, 0x15f10000)
  from space 34944K,  83% used [0x18130000, 0x19dc9678, 0x1a350000)
  to   space 34944K,   0% used [0x15f10000, 0x15f10000, 0x18130000)
 concurrent mark-sweep generation total 699072K, used 133038K [0x1a350000, 0x44e00000, 0x44e00000)
 Metaspace       used 23629K, capacity 23841K, committed 23936K, reserved 23936K
}
Event: 200.583 GC heap before
{Heap before GC invocations=21 (full 18):
 par new generation   total 314560K, used 308863K [0x04e00000, 0x1a350000, 0x1a350000)
  eden space 279616K,  99% used [0x04e00000, 0x15f06848, 0x15f10000)
  from space 34944K,  83% used [0x18130000, 0x19dc9678, 0x1a350000)
  to   space 34944K,   0% used [0x15f10000, 0x15f10000, 0x18130000)
 concurrent mark-sweep generation total 699072K, used 133038K [0x1a350000, 0x44e00000, 0x44e00000)
 Metaspace       used 23676K, capacity 23905K, committed 24064K, reserved 24960K
Event: 200.615 GC heap after
Heap after GC invocations=22 (full 18):
 par new generation   total 314560K, used 21543K [0x04e00000, 0x1a350000, 0x1a350000)
  eden space 279616K,   0% used [0x04e00000, 0x04e00000, 0x15f10000)
  from space 34944K,  61% used [0x15f10000, 0x17419cb0, 0x18130000)
  to   space 34944K,   0% used [0x18130000, 0x18130000, 0x1a350000)
 concurrent mark-sweep generation total 699072K, used 148746K [0x1a350000, 0x44e00000, 0x44e00000)
 Metaspace       used 23676K, capacity 23905K, committed 24064K, reserved 24960K
}

Deoptimization events (0 events):
No events

Internal exceptions (10 events):
Event: 203.965 Thread 0x55718800 Exception <a 'java/lang/InterruptedException': sleep interrupted> (0x052a6d08) thrown at [C:\workspace\8-2-build-windows-i586-cygwin\jdk8u121\8372\hotspot\src\share\vm\prims\jvm.cpp, line 3228]
Event: 204.019 Thread 0x55718800 Exception <a 'java/lang/InterruptedException': sleep interrupted> (0x052a6f88) thrown at [C:\workspace\8-2-build-windows-i586-cygwin\jdk8u121\8372\hotspot\src\share\vm\prims\jvm.cpp, line 3228]
Event: 204.070 Thread 0x55718800 Exception <a 'java/lang/InterruptedException': sleep interrupted> (0x052a7208) thrown at [C:\workspace\8-2-build-windows-i586-cygwin\jdk8u121\8372\hotspot\src\share\vm\prims\jvm.cpp, line 3228]
Event: 204.121 Thread 0x55718800 Exception <a 'java/lang/InterruptedException': sleep interrupted> (0x052a7488) thrown at [C:\workspace\8-2-build-windows-i586-cygwin\jdk8u121\8372\hotspot\src\share\vm\prims\jvm.cpp, line 3228]
Event: 204.174 Thread 0x55718800 Exception <a 'java/lang/InterruptedException': sleep interrupted> (0x052a7708) thrown at [C:\workspace\8-2-build-windows-i586-cygwin\jdk8u121\8372\hotspot\src\share\vm\prims\jvm.cpp, line 3228]
Event: 204.225 Thread 0x55718800 Exception <a 'java/lang/InterruptedException': sleep interrupted> (0x052a7988) thrown at [C:\workspace\8-2-build-windows-i586-cygwin\jdk8u121\8372\hotspot\src\share\vm\prims\jvm.cpp, line 3228]
Event: 204.277 Thread 0x55718800 Exception <a 'java/lang/InterruptedException': sleep interrupted> (0x052a7c08) thrown at [C:\workspace\8-2-build-windows-i586-cygwin\jdk8u121\8372\hotspot\src\share\vm\prims\jvm.cpp, line 3228]
Event: 204.348 Thread 0x55718800 Exception <a 'java/lang/InterruptedException': sleep interrupted> (0x052a7e88) thrown at [C:\workspace\8-2-build-windows-i586-cygwin\jdk8u121\8372\hotspot\src\share\vm\prims\jvm.cpp, line 3228]
Event: 204.348 Thread 0x55718800 Exception <a 'java/lang/InterruptedException': sleep interrupted> (0x052a80e8) thrown at [C:\workspace\8-2-build-windows-i586-cygwin\jdk8u121\8372\hotspot\src\share\vm\prims\jvm.cpp, line 3228]
Event: 204.417 Thread 0x55718800 Exception <a 'java/lang/InterruptedException': sleep interrupted> (0x052a8348) thrown at [C:\workspace\8-2-build-windows-i586-cygwin\jdk8u121\8372\hotspot\src\share\vm\prims\jvm.cpp, line 3228]

Events (10 events):
Event: 204.292 Thread 0x470e0000 flushing nmethod 0x02e40f08
Event: 204.292 Thread 0x470e0000 flushing nmethod 0x02e41f48
Event: 204.292 Thread 0x470e0000 flushing nmethod 0x02e42688
Event: 204.292 Thread 0x470e0000 flushing nmethod 0x02e42dc8
Event: 204.292 Thread 0x470e0000 flushing nmethod 0x02e43008
Event: 204.292 Thread 0x470e0000 flushing nmethod 0x02e436c8
Event: 204.292 Thread 0x470e0000 flushing nmethod 0x02e43948
Event: 204.292 Thread 0x470e0000 flushing nmethod 0x02e45248
Event: 204.292 Thread 0x470e0000 flushing nmethod 0x02e454c8
Event: 204.292 Thread 0x470e0000 flushing nmethod 0x02e475c8


Dynamic libraries:
0x00df0000 - 0x00e23000 	C:\Program Files (x86)\Java\jdk1.8.0_121\bin\java.exe
0x77360000 - 0x774f0000 	C:\WINDOWS\SYSTEM32\ntdll.dll
0x74060000 - 0x74140000 	C:\WINDOWS\System32\KERNEL32.DLL
0x77080000 - 0x77264000 	C:\WINDOWS\System32\KERNELBASE.dll
0x6b560000 - 0x6b5fd000 	C:\WINDOWS\SYSTEM32\apphelp.dll
0x6d540000 - 0x6d7c1000 	C:\WINDOWS\SYSTEM32\AcLayers.DLL
0x753b0000 - 0x7546f000 	C:\WINDOWS\System32\msvcrt.dll
0x744b0000 - 0x7463d000 	C:\WINDOWS\System32\USER32.dll
0x747e0000 - 0x747f7000 	C:\WINDOWS\System32\win32u.dll
0x74760000 - 0x74782000 	C:\WINDOWS\System32\GDI32.dll
0x76e10000 - 0x76f74000 	C:\WINDOWS\System32\gdi32full.dll
0x76910000 - 0x7698d000 	C:\WINDOWS\System32\msvcp_win.dll
0x74640000 - 0x7475d000 	C:\WINDOWS\System32\ucrtbase.dll
0x75570000 - 0x768ba000 	C:\WINDOWS\System32\SHELL32.dll
0x74790000 - 0x747c9000 	C:\WINDOWS\System32\cfgmgr32.dll
0x769a0000 - 0x76a28000 	C:\WINDOWS\System32\shcore.dll
0x73ea0000 - 0x73f60000 	C:\WINDOWS\System32\RPCRT4.dll
0x73c20000 - 0x73c40000 	C:\WINDOWS\System32\SspiCli.dll
0x73c10000 - 0x73c1a000 	C:\WINDOWS\System32\CRYPTBASE.dll
0x76ab0000 - 0x76b08000 	C:\WINDOWS\System32\bcryptPrimitives.dll
0x74800000 - 0x74844000 	C:\WINDOWS\System32\sechost.dll
0x73c40000 - 0x73e9c000 	C:\WINDOWS\System32\combase.dll
0x74850000 - 0x74e0a000 	C:\WINDOWS\System32\windows.storage.dll
0x73fe0000 - 0x74058000 	C:\WINDOWS\System32\advapi32.dll
0x752d0000 - 0x75315000 	C:\WINDOWS\System32\shlwapi.dll
0x75250000 - 0x7525f000 	C:\WINDOWS\System32\kernel.appcore.dll
0x74400000 - 0x74418000 	C:\WINDOWS\System32\profapi.dll
0x73f60000 - 0x73fa5000 	C:\WINDOWS\System32\powrprof.dll
0x76aa0000 - 0x76aa8000 	C:\WINDOWS\System32\FLTLIB.DLL
0x76fe0000 - 0x77076000 	C:\WINDOWS\System32\OLEAUT32.dll
0x74e10000 - 0x7523b000 	C:\WINDOWS\System32\SETUPAPI.dll
0x73730000 - 0x73748000 	C:\WINDOWS\SYSTEM32\MPR.dll
0x73b90000 - 0x73bfd000 	C:\WINDOWS\SYSTEM32\WINSPOOL.DRV
0x739c0000 - 0x73b40000 	C:\WINDOWS\SYSTEM32\PROPSYS.dll
0x73b60000 - 0x73b90000 	C:\WINDOWS\SYSTEM32\IPHLPAPI.DLL
0x73b40000 - 0x73b59000 	C:\WINDOWS\SYSTEM32\bcrypt.dll
0x00940000 - 0x00943000 	C:\WINDOWS\SYSTEM32\sfc.dll
0x6ff40000 - 0x6ff50000 	C:\WINDOWS\SYSTEM32\sfc_os.DLL
0x73fb0000 - 0x73fd6000 	C:\WINDOWS\System32\IMM32.DLL
0x6c520000 - 0x6c724000 	C:\WINDOWS\WinSxS\x86_microsoft.windows.common-controls_6595b64144ccf1df_6.0.17134.765_none_42efd88044e1819c\COMCTL32.dll
0x72690000 - 0x7274f000 	C:\Program Files (x86)\Java\jdk1.8.0_121\jre\bin\msvcr100.dll
0x5acf0000 - 0x5b0be000 	C:\Program Files (x86)\Java\jdk1.8.0_121\jre\bin\client\jvm.dll
0x75240000 - 0x75246000 	C:\WINDOWS\System32\PSAPI.DLL
0x6c510000 - 0x6c518000 	C:\WINDOWS\SYSTEM32\WSOCK32.dll
0x71880000 - 0x718a4000 	C:\WINDOWS\SYSTEM32\WINMM.dll
0x73c00000 - 0x73c08000 	C:\WINDOWS\SYSTEM32\VERSION.dll
0x75260000 - 0x752c7000 	C:\WINDOWS\System32\WS2_32.dll
0x71560000 - 0x71583000 	C:\WINDOWS\SYSTEM32\winmmbase.dll
0x727a0000 - 0x727ac000 	C:\Program Files (x86)\Java\jdk1.8.0_121\jre\bin\verify.dll
0x725f0000 - 0x72611000 	C:\Program Files (x86)\Java\jdk1.8.0_121\jre\bin\java.dll
0x72570000 - 0x72590000 	C:\Program Files (x86)\Java\jdk1.8.0_121\jre\bin\instrument.dll
0x72780000 - 0x72793000 	C:\Program Files (x86)\Java\jdk1.8.0_121\jre\bin\zip.dll
0x72550000 - 0x72566000 	C:\Users\Alex Schmid\AppData\Local\JetBrains\Toolbox\apps\IDEA-U\ch-0\191.7141.44\bin\breakgen.dll
0x725d0000 - 0x725e6000 	C:\Program Files (x86)\Java\jdk1.8.0_121\jre\bin\net.dll
0x73750000 - 0x737a6000 	C:\WINDOWS\system32\mswsock.dll
0x72540000 - 0x7254a000 	C:\Program Files (x86)\Java\jdk1.8.0_121\jre\bin\management.dll
0x72680000 - 0x7268f000 	C:\Program Files (x86)\Java\jdk1.8.0_121\jre\bin\nio.dll
0x6e810000 - 0x6e821000 	C:\WINDOWS\system32\napinsp.dll
0x6e7f0000 - 0x6e806000 	C:\WINDOWS\system32\pnrpnsp.dll
0x6e7d0000 - 0x6e7e3000 	C:\WINDOWS\system32\NLAapi.dll
0x71590000 - 0x7161e000 	C:\WINDOWS\SYSTEM32\DNSAPI.dll
0x747d0000 - 0x747d7000 	C:\WINDOWS\System32\NSI.dll
0x6e7c0000 - 0x6e7cc000 	C:\WINDOWS\System32\winrnr.dll
0x6e7a0000 - 0x6e7b1000 	C:\WINDOWS\System32\wshbth.dll
0x70860000 - 0x70868000 	C:\Windows\System32\rasadhlp.dll
0x6da70000 - 0x6dabf000 	C:\WINDOWS\System32\fwpuclnt.dll
0x489d0000 - 0x48a1d000 	C:\Users\Alex Schmid\.gradle\caches\minecraft\net\minecraft\minecraft_natives\1.7.10\lwjgl.dll
0x68300000 - 0x683d9000 	C:\WINDOWS\SYSTEM32\OPENGL32.dll
0x6c990000 - 0x6c9cf000 	C:\WINDOWS\SYSTEM32\GLU32.dll
0x707c0000 - 0x707d3000 	C:\WINDOWS\SYSTEM32\CRYPTSP.dll
0x70790000 - 0x707bf000 	C:\WINDOWS\system32\rsaenh.dll
0x71850000 - 0x71871000 	C:\WINDOWS\SYSTEM32\USERENV.dll
0x70990000 - 0x709a3000 	C:\WINDOWS\SYSTEM32\dhcpcsvc6.DLL
0x70970000 - 0x70984000 	C:\WINDOWS\SYSTEM32\dhcpcsvc.DLL
0x72000000 - 0x72146000 	C:\Program Files (x86)\Java\jdk1.8.0_121\jre\bin\awt.dll
0x71650000 - 0x716cc000 	C:\WINDOWS\system32\uxtheme.dll
0x74140000 - 0x74283000 	C:\WINDOWS\System32\MSCTF.dll
0x71620000 - 0x71643000 	C:\WINDOWS\system32\dwmapi.dll
0x59a00000 - 0x5a265000 	C:\WINDOWS\SYSTEM32\ig75icd32.dll
0x65830000 - 0x660fa000 	C:\WINDOWS\SYSTEM32\igdusc32.dll
0x73500000 - 0x7350f000 	C:\WINDOWS\SYSTEM32\WTSAPI32.dll
0x6cfc0000 - 0x6d04e000 	C:\WINDOWS\SYSTEM32\mscms.dll
0x700e0000 - 0x700ec000 	C:\WINDOWS\SYSTEM32\ColorAdapterClient.dll
0x614d0000 - 0x6150e000 	C:\WINDOWS\SYSTEM32\icm32.dll
0x69d70000 - 0x69e08000 	C:\WINDOWS\SYSTEM32\dxgi.dll
0x69980000 - 0x69bd2000 	C:\WINDOWS\SYSTEM32\d3d11.dll
0x666f0000 - 0x67325000 	C:\WINDOWS\SYSTEM32\igd10iumd32.dll
0x6e400000 - 0x6e41f000 	C:\WINDOWS\SYSTEM32\ncrypt.dll
0x6e3d0000 - 0x6e3fd000 	C:\WINDOWS\SYSTEM32\NTASN1.dll
0x595c0000 - 0x59625000 	C:\Users\Alex Schmid\.gradle\caches\minecraft\net\minecraft\minecraft_natives\1.7.10\OpenAL32.dll
0x75470000 - 0x7556c000 	C:\WINDOWS\System32\ole32.dll
0x75320000 - 0x753a3000 	C:\WINDOWS\System32\clbcatq.dll
0x6ca60000 - 0x6cabc000 	C:\WINDOWS\System32\MMDevApi.dll
0x73960000 - 0x73982000 	C:\WINDOWS\System32\DEVOBJ.dll
0x59790000 - 0x59811000 	C:\WINDOWS\SYSTEM32\dsound.dll
0x6cac0000 - 0x6cbbb000 	C:\WINDOWS\SYSTEM32\AUDIOSES.DLL
0x6de40000 - 0x6df16000 	C:\WINDOWS\SYSTEM32\wintypes.dll
0x59710000 - 0x59718000 	C:\WINDOWS\SYSTEM32\AVRT.dll
0x696b0000 - 0x6972d000 	C:\WINDOWS\System32\TextInputFramework.dll
0x69450000 - 0x696ad000 	C:\WINDOWS\System32\CoreUIComponents.dll
0x693c0000 - 0x6944b000 	C:\WINDOWS\System32\CoreMessaging.dll
0x73990000 - 0x739b9000 	C:\WINDOWS\SYSTEM32\ntmarta.dll
0x72590000 - 0x725b0000 	C:\Program Files (x86)\Java\jdk1.8.0_121\jre\bin\sunec.dll
0x724d0000 - 0x724d9000 	C:\Program Files (x86)\Java\jdk1.8.0_121\jre\bin\sunmscapi.dll
0x76b10000 - 0x76ca6000 	C:\WINDOWS\System32\CRYPT32.dll
0x76990000 - 0x7699e000 	C:\WINDOWS\System32\MSASN1.dll

VM Arguments:
jvm_args: -Xincgc -Xmx1024M -Xms1024M -javaagent:C:\Users\Alex Schmid\AppData\Local\JetBrains\Toolbox\apps\IDEA-U\ch-0\191.7141.44\lib\idea_rt.jar=55075:C:\Users\Alex Schmid\AppData\Local\JetBrains\Toolbox\apps\IDEA-U\ch-0\191.7141.44\bin -Dfile.encoding=UTF-8 
java_command: GradleStart
java_class_path (initial): C:\Program Files (x86)\Java\jdk1.8.0_121\jre\lib\charsets.jar;C:\Program Files (x86)\Java\jdk1.8.0_121\jre\lib\deploy.jar;C:\Program Files (x86)\Java\jdk1.8.0_121\jre\lib\ext\access-bridge-32.jar;C:\Program Files (x86)\Java\jdk1.8.0_121\jre\lib\ext\cldrdata.jar;C:\Program Files (x86)\Java\jdk1.8.0_121\jre\lib\ext\dnsns.jar;C:\Program Files (x86)\Java\jdk1.8.0_121\jre\lib\ext\jaccess.jar;C:\Program Files (x86)\Java\jdk1.8.0_121\jre\lib\ext\jfxrt.jar;C:\Program Files (x86)\Java\jdk1.8.0_121\jre\lib\ext\localedata.jar;C:\Program Files (x86)\Java\jdk1.8.0_121\jre\lib\ext\nashorn.jar;C:\Program Files (x86)\Java\jdk1.8.0_121\jre\lib\ext\sunec.jar;C:\Program Files (x86)\Java\jdk1.8.0_121\jre\lib\ext\sunjce_provider.jar;C:\Program Files (x86)\Java\jdk1.8.0_121\jre\lib\ext\sunmscapi.jar;C:\Program Files (x86)\Java\jdk1.8.0_121\jre\lib\ext\sunpkcs11.jar;C:\Program Files (x86)\Java\jdk1.8.0_121\jre\lib\ext\zipfs.jar;C:\Program Files (x86)\Java\jdk1.8.0_121\jre\lib\javaws.jar;C:\Program Files (x86)\Java\jdk1.8.0_121\jre\lib\jce.jar;C:\Program Files (x86)\Java\jdk1.8.0_121\jre\lib\jfr.jar;C:\Program Files (x86)\Java\jdk1.8.0_121\jre\lib\jfxswt.jar;C:\Program Files (x86)\Java\jdk1.8.0_121\jre\lib\jsse.jar;C:\Program Files (x86)\Java\jdk1.8.0_121\jre\lib\management-agent.jar;C:\Program Files (x86)\Java\jdk1.8.0_121\jre\lib\plugin.jar;C:\Program Files (x86)\Java\jdk1.8.0_121\jre\lib\resources.jar;C:\Program Files (x86)\Java\jdk1.8.0_121\jre\lib\rt.jar;C:\Users\Alex Schmid\JAVA_Classes\algs4.jar;D:\Github Repos\Minecraft Mods Experiments\forge_1.7.10_UCmod\out\production\forge_1.7.10_UCmod.main;C:\Users\Alex Schmid\.gradle\caches\minecraft\net\minecraftforge\forge\1.7.10-10.13.4.1614-1.7.10\forgeSrc-1.7.10-10.13.4.1614-1.7.10.jar;C:\Users\Alex Schmid\.gradle\caches\modules-2\files-2.1\net.minecraft\launchwrapper\1.12\111e7bea9c968cdb3d06ef4632bf7ff0824d0f36\launchwrapper-1.12.jar;C:\Users\Alex Schmid\.gradle\caches\modules-2\files-2.1\com.google.code.fin
Launcher Type: SUN_STANDARD

Environment Variables:
JAVA_HOME=C:\Program Files\Java\jdk1.8.0_121
PATH=C:\Users\Alex Schmid\AppData\Local\Programs\Python\Python36-32\Scripts\;C:\Users\Alex Schmid\AppData\Local\Programs\Python\Python36-32\;C:\Python27;C:\Program Files (x86)\Python36-32\Scripts\;C:\Program Files (x86)\Python36-32\;c:\programdata\oracle\java\javapath;c:\windows\system32;c:\windows;c:\windows\system32\wbem;c:\windows\system32\windowspowershell\v1.0\;C:\Program Files (x86)\GtkSharp\2.12\bin;C:\WINDOWS\system32;C:\WINDOWS;C:\WINDOWS\System32\Wbem;C:\WINDOWS\System32\WindowsPowerShell\v1.0\;C:\Program Files (x86)\NVIDIA Corporation\PhysX\Common;C:\Program Files (x86)\CodeBlocks\MinGW\bin;C:\Program Files\Microsoft SQL Server\130\Tools\Binn\;C:\Program Files\Java\jdk1.8.0_121\bin;C:\Gradle\gradle-4.4.1\bin;C:\Program Files (x86)\Brackets\command;C:\Program Files\dotnet\;C:\WINDOWS\System32\OpenSSH\;C:\Strawberry\c\bin;C:\Strawberry\perl\site\bin;C:\Strawberry\perl\bin;C:\Program Files (x86)\Google\Chrome\Application;C:\Program Files\CMake\bin;C:\Program Files\Git\cmd;C:\Program Files\nodejs\;C:\Program Files (x86)\Google\Cloud SDK\google-cloud-sdk\bin;C:\Program Files\Java\jdk1.8.0_121\bin;C:\Users\Alex Schmid\AppData\Local\Programs\Python\Python37-32\Scripts\;C:\Users\Alex Schmid\AppData\Local\Programs\Python\Python37-32\;C:\Users\Alex Schmid\AppData\Local\Microsoft\WindowsApps;C:\Program Files\Microsoft VS Code\bin;C:\Users\Alex Schmid\AppData\Local\GitHubDesktop\bin;C:\Program Files\JetBrains\IntelliJ IDEA 2018.3.4\bin;;C:\Users\Alex Schmid\AppData\Roaming\npm;C:\Users\Alex Schmid\AppData\Local\Google\Cloud SDK\google-cloud-sdk\bin
USERNAME=Alex Schmid
OS=Windows_NT
PROCESSOR_IDENTIFIER=Intel64 Family 6 Model 60 Stepping 3, GenuineIntel



---------------  S Y S T E M  ---------------

OS: Windows 10.0 , 64 bit Build 17134 (10.0.17134.753)

CPU:total 8 (4 cores per cpu, 2 threads per core) family 6 model 60 stepping 3, cmov, cx8, fxsr, mmx, sse, sse2, sse3, ssse3, sse4.1, sse4.2, popcnt, avx, avx2, aes, clmul, erms, lzcnt, ht, tsc, tscinvbit, bmi1, bmi2

Memory: 4k page, physical 8302956k(1599752k free), swap 12303892k(1602992k free)

vm_info: Java HotSpot(TM) Client VM (25.121-b13) for windows-x86 JRE (1.8.0_121-b13), built on Dec 12 2016 18:17:00 by "java_re" with MS VC++ 10.0 (VS2010)

time: Sat May 18 19:13:03 2019
elapsed time: 204 seconds (0d 0h 3m 24s)

